2025-03-30 13:50:17,446 - INFO - Iniciando o processo de scraping...
2025-03-30 13:50:17,447 - INFO - Acessando o site para buscar os links dos PDFs...
2025-03-30 13:50:20,580 - WARNING - Nenhum PDF encontrado para download.
2025-03-30 13:53:59,888 - INFO - Acessando o site para buscar os links dos PDFs...
2025-03-30 13:59:23,232 - INFO - Iniciando o processo de scraping...
2025-03-30 13:59:23,232 - INFO - Acessando o site para buscar os links dos PDFs...
2025-03-30 13:59:47,777 - INFO - Iniciando o processo de scraping...
2025-03-30 13:59:47,777 - INFO - Acessando o site para buscar os links dos PDFs...
2025-03-30 14:00:37,500 - INFO - Iniciando o processo de scraping...
2025-03-30 14:00:37,500 - INFO - Acessando o site para buscar os links dos PDFs...
2025-03-30 14:07:08,285 - INFO - Iniciando o processo de scraping...
2025-03-30 14:07:08,288 - INFO - Acessando o site para buscar os links dos PDFs...
2025-03-30 14:10:07,383 - INFO - Acessando o site para buscar os links dos PDFs...
2025-03-30 14:12:06,756 - INFO - Acessando o site para buscar os links dos PDFs...
2025-03-30 14:16:48,091 - INFO - Acessando o site para buscar os links dos PDFs...
2025-03-30 14:19:11,022 - INFO - Acessando o site para buscar os links dos PDFs...
2025-03-30 14:21:33,272 - INFO - Acessando o site para buscar os links dos PDFs...
2025-03-30 14:24:04,997 - INFO - Iniciando o processo de scraping...
2025-03-30 14:24:35,586 - INFO - Iniciando o processo de scraping...
2025-03-30 14:24:36,774 - INFO - Acessando o site para buscar os links dos PDFs...
2025-03-30 14:24:49,638 - INFO - Nenhum link de PDF encontrado.
2025-03-30 14:26:08,133 - INFO - Iniciando o processo de scraping...
2025-03-30 14:26:09,013 - INFO - Acessando o site para buscar os links dos PDFs...
2025-03-30 14:26:22,776 - INFO - Nenhum link de PDF encontrado.
2025-03-30 14:38:17,132 - INFO - Iniciando o processo de scraping...
2025-03-30 14:38:18,399 - INFO - Acessando o site para buscar os links dos PDFs...
2025-03-30 14:38:37,673 - INFO - Nenhum link de PDF encontrado.
2025-03-30 14:58:03,750 - INFO - Iniciando o processo de scraping...
2025-03-30 14:58:04,864 - INFO - Acessando o site para buscar os links dos PDFs...
2025-03-30 14:58:23,403 - INFO - Nenhum link de PDF encontrado.
2025-03-30 15:02:23,087 - INFO - Iniciando o processo de scraping...
2025-03-30 15:02:23,943 - INFO - Acessando o site para buscar os links dos PDFs...
2025-03-30 15:02:38,659 - INFO - Nenhum link de PDF encontrado.
2025-03-30 15:11:59,515 - INFO - Iniciando o processo de scraping...
2025-03-30 15:12:07,217 - INFO - Acessando o site para buscar os links dos PDFs...
2025-03-30 15:12:25,005 - INFO - Nenhum link de PDF encontrado.
2025-03-30 15:12:39,744 - INFO - Iniciando o processo de scraping...
2025-03-30 15:12:40,895 - INFO - Acessando o site para buscar os links dos PDFs...
2025-03-30 15:12:56,551 - INFO - Nenhum link de PDF encontrado.
2025-03-30 15:14:44,092 - INFO - Iniciando o processo de scraping...
2025-03-30 15:14:44,995 - INFO - Acessando o site para buscar os links dos PDFs...
2025-03-30 15:15:02,114 - INFO - Nenhum link de PDF encontrado.
2025-03-30 15:16:40,034 - INFO - Iniciando o processo de scraping...
2025-03-30 15:16:40,924 - INFO - Acessando o site para buscar os links dos PDFs...
2025-03-30 15:16:59,830 - INFO - Nenhum link de PDF encontrado.
2025-03-30 15:24:05,156 - INFO - Iniciando o processo de scraping...
2025-03-30 15:24:06,015 - INFO - Acessando o site para buscar os links dos PDFs...
2025-03-30 15:24:21,703 - INFO - Nenhum link de PDF encontrado.
2025-03-30 15:32:49,390 - INFO - Iniciando o processo de scraping...
2025-03-30 15:32:52,968 - INFO - Acessando o site para buscar os links dos PDFs...
2025-03-30 15:33:15,799 - INFO - Nenhum link de PDF encontrado.
2025-03-30 15:34:38,931 - INFO - Iniciando o processo de scraping...
2025-03-30 15:34:39,944 - INFO - Acessando o site para buscar os links dos PDFs...
2025-03-30 15:35:03,071 - INFO - Nenhum link de PDF encontrado.
2025-03-30 15:35:17,106 - INFO - Iniciando o processo de scraping...
2025-03-30 15:35:18,177 - INFO - Acessando o site para buscar os links dos PDFs...
2025-03-30 15:35:30,648 - INFO - Passando o mouse sobre: Anexo I.
2025-03-30 15:35:31,106 - INFO - Passando o mouse sobre: (Anexo I
2025-03-30 15:35:31,622 - INFO - Passando o mouse sobre: Anexo II.
2025-03-30 15:35:31,654 - INFO - Link encontrado: https://www.gov.br/ans/pt-br/acesso-a-informacao/participacao-da-sociedade/atualizacao-do-rol-de-procedimentos/Anexo_I_Rol_2021RN_465.2021_RN627L.2024.pdf
2025-03-30 15:35:31,664 - INFO - Link encontrado: https://www.gov.br/ans/pt-br/acesso-a-informacao/participacao-da-sociedade/atualizacao-do-rol-de-procedimentos/Anexo_I_Rol_2021RN_465.2021_RN627L.2024.xlsx
2025-03-30 15:35:31,674 - INFO - Link encontrado: https://www.gov.br/ans/pt-br/acesso-a-informacao/participacao-da-sociedade/atualizacao-do-rol-de-procedimentos/Anexo_II_DUT_2021_RN_465.2021_RN628.2025_RN629.2025.pdf
2025-03-30 15:35:31,675 - INFO - Total de links encontrados: 3
2025-03-30 15:36:37,132 - INFO - Download concluído: scraping/downloads/Anexo_I_Rol_2021RN_465.2021_RN627L.2024.pdf
2025-03-30 15:36:41,348 - INFO - Download concluído: scraping/downloads/Anexo_I_Rol_2021RN_465.2021_RN627L.2024.xlsx
2025-03-30 15:36:48,471 - INFO - Download concluído: scraping/downloads/Anexo_II_DUT_2021_RN_465.2021_RN628.2025_RN629.2025.pdf
2025-03-30 15:52:13,342 - INFO - Iniciando o processo de scraping...
2025-03-30 15:52:14,602 - INFO - Acessando o site para buscar os links dos PDFs...
2025-03-30 15:52:27,400 - INFO - Passando o mouse sobre: Anexo I.
2025-03-30 15:52:28,142 - INFO - Passando o mouse sobre: (Anexo I
2025-03-30 15:52:28,650 - INFO - Passando o mouse sobre: Anexo II.
2025-03-30 15:52:28,732 - INFO - Link encontrado (PDF): https://www.gov.br/ans/pt-br/acesso-a-informacao/participacao-da-sociedade/atualizacao-do-rol-de-procedimentos/Anexo_I_Rol_2021RN_465.2021_RN627L.2024.pdf
2025-03-30 15:52:28,822 - INFO - Link encontrado (PDF): https://www.gov.br/ans/pt-br/acesso-a-informacao/participacao-da-sociedade/atualizacao-do-rol-de-procedimentos/Anexo_II_DUT_2021_RN_465.2021_RN628.2025_RN629.2025.pdf
2025-03-30 15:52:28,823 - INFO - Total de links encontrados: 2
2025-03-30 15:53:17,442 - INFO - Download concluído: scraping/downloads/Anexo_I_Rol_2021RN_465.2021_RN627L.2024.pdf
2025-03-30 15:53:26,726 - INFO - Download concluído: scraping/downloads/Anexo_II_DUT_2021_RN_465.2021_RN628.2025_RN629.2025.pdf
2025-03-30 15:57:03,667 - INFO - Iniciando o processo de scraping...
2025-03-30 15:57:05,273 - INFO - Acessando o site para buscar os links dos PDFs...
2025-03-30 15:57:15,606 - INFO - Passando o mouse sobre: Anexo I.
2025-03-30 15:57:16,081 - INFO - Passando o mouse sobre: (Anexo I
2025-03-30 15:57:16,592 - INFO - Passando o mouse sobre: Anexo II.
2025-03-30 15:57:16,627 - INFO - Link encontrado (PDF): https://www.gov.br/ans/pt-br/acesso-a-informacao/participacao-da-sociedade/atualizacao-do-rol-de-procedimentos/Anexo_I_Rol_2021RN_465.2021_RN627L.2024.pdf
2025-03-30 15:57:16,662 - INFO - Link encontrado (PDF): https://www.gov.br/ans/pt-br/acesso-a-informacao/participacao-da-sociedade/atualizacao-do-rol-de-procedimentos/Anexo_II_DUT_2021_RN_465.2021_RN628.2025_RN629.2025.pdf
2025-03-30 15:57:16,663 - INFO - Total de links encontrados: 2
2025-03-30 15:58:02,305 - INFO - Download concluído: scraping/downloads/Anexo_I_Rol_2021RN_465.2021_RN627L.2024.pdf
2025-03-30 15:58:10,815 - INFO - Download concluído: scraping/downloads/Anexo_II_DUT_2021_RN_465.2021_RN628.2025_RN629.2025.pdf
2025-03-30 15:58:11,371 - INFO - Arquivo adicionado ao ZIP: scraping/downloads/Anexo_I_Rol_2021RN_465.2021_RN627L.2024.pdf
2025-03-30 15:58:11,549 - INFO - Arquivo adicionado ao ZIP: scraping/downloads/Anexo_II_DUT_2021_RN_465.2021_RN628.2025_RN629.2025.pdf
2025-03-30 15:58:11,550 - INFO - Arquivo ZIP criado com sucesso: scraping/attachments.zip
2025-03-31 13:01:49,272 - INFO - Iniciando o processo de scraping...
2025-03-31 13:01:55,266 - INFO - Acessando o site para buscar os links dos PDFs...
2025-03-31 13:02:05,343 - INFO - Passando o mouse sobre: Anexo I.
2025-03-31 13:02:05,452 - INFO - Link encontrado (PDF): https://www.gov.br/ans/pt-br/acesso-a-informacao/participacao-da-sociedade/atualizacao-do-rol-de-procedimentos/Anexo_I_Rol_2021RN_465.2021_RN627L.2024.pdf
2025-03-31 13:02:05,868 - INFO - Passando o mouse sobre: (Anexo I
2025-03-31 13:02:06,426 - INFO - Passando o mouse sobre: Anexo II.
2025-03-31 13:02:06,447 - INFO - Link encontrado (PDF): https://www.gov.br/ans/pt-br/acesso-a-informacao/participacao-da-sociedade/atualizacao-do-rol-de-procedimentos/Anexo_II_DUT_2021_RN_465.2021_RN628.2025_RN629.2025.pdf
2025-03-31 13:02:06,447 - INFO - Total de links encontrados: 2
2025-03-31 13:02:16,708 - INFO - Download concluído: scraping/downloads/Anexo_II_DUT_2021_RN_465.2021_RN628.2025_RN629.2025.pdf
2025-03-31 13:03:03,329 - INFO - Download concluído: scraping/downloads/Anexo_I_Rol_2021RN_465.2021_RN627L.2024.pdf
2025-03-31 13:03:03,359 - WARNING - Retrying (Retry(total=2, connect=None, read=None, redirect=None, status=None)) after connection broken by 'ConnectionResetError(104, 'Connection reset by peer')': /session/1a073599b4aa9761cd8c3752aaad288d
2025-03-31 13:03:03,360 - WARNING - Retrying (Retry(total=1, connect=None, read=None, redirect=None, status=None)) after connection broken by 'NewConnectionError('<urllib3.connection.HTTPConnection object at 0x7f20bca16e90>: Failed to establish a new connection: [Errno 111] Connection refused')': /session/1a073599b4aa9761cd8c3752aaad288d
2025-03-31 13:03:03,361 - WARNING - Retrying (Retry(total=0, connect=None, read=None, redirect=None, status=None)) after connection broken by 'NewConnectionError('<urllib3.connection.HTTPConnection object at 0x7f20bca15bd0>: Failed to establish a new connection: [Errno 111] Connection refused')': /session/1a073599b4aa9761cd8c3752aaad288d
2025-03-31 13:09:58,509 - INFO - Iniciando o processo de scraping...
2025-03-31 13:09:59,552 - INFO - Acessando o site para buscar os links dos PDFs...
2025-03-31 13:10:08,575 - INFO - Passando o mouse sobre: Anexo I.
2025-03-31 13:10:08,607 - INFO - Link encontrado (PDF): https://www.gov.br/ans/pt-br/acesso-a-informacao/participacao-da-sociedade/atualizacao-do-rol-de-procedimentos/Anexo_I_Rol_2021RN_465.2021_RN627L.2024.pdf
2025-03-31 13:10:08,974 - INFO - Passando o mouse sobre: (Anexo I
2025-03-31 13:10:09,378 - INFO - Passando o mouse sobre: Anexo II.
2025-03-31 13:10:09,403 - INFO - Link encontrado (PDF): https://www.gov.br/ans/pt-br/acesso-a-informacao/participacao-da-sociedade/atualizacao-do-rol-de-procedimentos/Anexo_II_DUT_2021_RN_465.2021_RN628.2025_RN629.2025.pdf
2025-03-31 13:10:09,403 - INFO - Total de links encontrados: 2
2025-03-31 13:10:55,194 - INFO - Download concluído: scraping/downloads/Anexo_I_Rol_2021RN_465.2021_RN627L.2024.pdf
2025-03-31 13:11:03,524 - INFO - Download concluído: scraping/downloads/Anexo_II_DUT_2021_RN_465.2021_RN628.2025_RN629.2025.pdf
2025-03-31 13:11:03,986 - INFO - Arquivo adicionado ao ZIP: scraping/downloads/Anexo_I_Rol_2021RN_465.2021_RN627L.2024.pdf
2025-03-31 13:11:04,067 - INFO - Arquivo adicionado ao ZIP: scraping/downloads/Anexo_II_DUT_2021_RN_465.2021_RN628.2025_RN629.2025.pdf
2025-03-31 13:11:04,068 - INFO - Arquivo ZIP criado com sucesso: scraping/attachments.zip
